[debug] [2023-07-03T05:32:59.708Z] ----------------------------------------------------------------------
[debug] [2023-07-03T05:32:59.714Z] Command:       C:\Program Files\nodejs\node.exe C:\Users\HP\AppData\Roaming\npm\node_modules\firebase-tools\lib\bin\firebase.js init
[debug] [2023-07-03T05:32:59.715Z] CLI Version:   12.4.2
[debug] [2023-07-03T05:32:59.716Z] Platform:      win32
[debug] [2023-07-03T05:32:59.716Z] Node Version:  v16.16.0
[debug] [2023-07-03T05:32:59.724Z] Time:          Mon Jul 03 2023 07:32:59 GMT+0200 (Eastern European Standard Time)
[debug] [2023-07-03T05:32:59.725Z] ----------------------------------------------------------------------
[debug] 
[debug] [2023-07-03T05:32:59.945Z] > command requires scopes: ["email","openid","https://www.googleapis.com/auth/cloudplatformprojects.readonly","https://www.googleapis.com/auth/firebase","https://www.googleapis.com/auth/cloud-platform"]
[debug] [2023-07-03T05:32:59.946Z] > authorizing via signed-in user (benodejs@gmail.com)
[info] 
     ######## #### ########  ######## ########     ###     ######  ########
     ##        ##  ##     ## ##       ##     ##  ##   ##  ##       ##
     ######    ##  ########  ######   ########  #########  ######  ######
     ##        ##  ##    ##  ##       ##     ## ##     ##       ## ##
     ##       #### ##     ## ######## ########  ##     ##  ######  ########

You're about to initialize a Firebase project in this directory:

  D:\WebDevelopment\ReactJS Applications\games-store-app

Before we get started, keep in mind:

  * You are initializing within an existing Firebase project directory

